1608226535310	geckodriver	INFO	Listening on 127.0.0.1:59313
1608226535315	mozrunner::runner	INFO	Running command: "/usr/bin/firefox" "--marionette" "-foreground" "-no-remote" "-profile" "/tmp/rust_mozprofileaZ6FIV"
console.warn: SearchSettings: "get: No settings file exists, new profile?" (new Error("", "(unknown module)"))
1608226537393	Marionette	INFO	Listening on port 39383
1608226537463	Marionette	WARN	TLS certificate errors will be ignored for this session
1608226537511	Marionette	INFO	Stopped listening on port 39383
JavaScript error: resource://activity-stream/lib/ASRouter.jsm, line 987: NS_ERROR_ILLEGAL_VALUE: Component returned failure code: 0x80070057 (NS_ERROR_ILLEGAL_VALUE) [nsIObserverService.removeObserver]
1608226659147	geckodriver	INFO	Listening on 127.0.0.1:55851
1608226659151	mozrunner::runner	INFO	Running command: "/usr/bin/firefox" "--marionette" "-foreground" "-no-remote" "-profile" "/tmp/rust_mozprofileKiD8nW"
console.warn: SearchSettings: "get: No settings file exists, new profile?" (new Error("", "(unknown module)"))
1608226661152	Marionette	INFO	Listening on port 45821
1608226661188	Marionette	WARN	TLS certificate errors will be ignored for this session
JavaScript warning: https://www.google.com/maps/_/js/k=maps.m.en.e0fAID4CMjY.es5.O/m=sc2,per,mo,lp,ti,ds,stx,bom,b/am=biAD/rt=j/d=1/rs=ACT90oFMC73C--O18lxu44EhNMiPhwJ_2A, line 2241: Failed to create WebGL context: failIfMajorPerformanceCaveat: Compositor is not hardware-accelerated.
JavaScript warning: https://www.google.com/maps/_/js/k=maps.m.en.e0fAID4CMjY.es5.O/m=sc2,per,mo,lp,ti,ds,stx,bom,b/am=biAD/rt=j/d=1/rs=ACT90oFMC73C--O18lxu44EhNMiPhwJ_2A, line 2241: Failed to create WebGL context: failIfMajorPerformanceCaveat: Compositor is not hardware-accelerated.
JavaScript warning: https://www.google.com/maps/_/js/k=maps.m.en.e0fAID4CMjY.es5.O/m=sc2,per,mo,lp,ti,ds,stx,bom,b/am=biAD/rt=j/d=1/rs=ACT90oFMC73C--O18lxu44EhNMiPhwJ_2A, line 2241: Failed to create WebGL context: failIfMajorPerformanceCaveat: Compositor is not hardware-accelerated.
JavaScript warning: https://www.google.com/maps/_/js/k=maps.m.en.e0fAID4CMjY.es5.O/m=sc2,per,mo,lp,ti,ds,stx,bom,b/am=biAD/rt=j/d=1/rs=ACT90oFMC73C--O18lxu44EhNMiPhwJ_2A, line 2241: Failed to create WebGL context: failIfMajorPerformanceCaveat: Compositor is not hardware-accelerated.
JavaScript warning: https://www.google.com/maps/_/js/k=maps.m.en.e0fAID4CMjY.es5.O/m=sc2,per,mo,lp,ti,ds,stx,bom,b/am=biAD/rt=j/d=1/rs=ACT90oFMC73C--O18lxu44EhNMiPhwJ_2A, line 2241: Failed to create WebGL context: failIfMajorPerformanceCaveat: Compositor is not hardware-accelerated.
JavaScript warning: https://www.google.com/maps/_/js/k=maps.m.en.e0fAID4CMjY.es5.O/m=sc2,per,mo,lp,ti,ds,stx,bom,b/am=biAD/rt=j/d=1/rs=ACT90oFMC73C--O18lxu44EhNMiPhwJ_2A, line 2241: Failed to create WebGL context: failIfMajorPerformanceCaveat: Compositor is not hardware-accelerated.
1608226674378	Marionette	INFO	Stopped listening on port 45821

###!!! [Child][RunMessage] Error: Channel closing: too late to send/recv, messages will be lost

